Repository Activity Log
========================
This file tracks automated daily updates from GitHub Actions.

Initial setup completed. Workflow is ready to run.
Repository updated: 2025-10-27 10:58:39 UTC
Repository updated: 2025-10-28 09:15:29 UTC
Repository updated: 2025-10-29 09:15:04 UTC
Repository updated: 2025-10-30 09:15:53 UTC
Repository updated: 2025-10-31 09:15:34 UTC
Repository updated: 2025-11-01 09:13:30 UTC
Repository updated: 2025-11-02 09:12:53 UTC
Repository updated: 2025-11-03 09:17:45 UTC
Repository updated: 2025-11-04 09:16:45 UTC
Repository updated: 2025-11-05 09:16:26 UTC
Repository updated: 2025-11-06 09:16:15 UTC
Repository updated: 2025-11-07 09:15:00 UTC
Repository updated: 2025-11-08 09:13:07 UTC
Repository updated: 2025-11-09 09:12:59 UTC
Repository updated: 2025-11-10 09:17:46 UTC
Repository updated: 2025-11-11 09:16:25 UTC
Repository updated: 2025-11-12 09:16:25 UTC
Repository updated: 2025-11-13 09:16:43 UTC
Repository updated: 2025-11-14 09:15:46 UTC
Repository updated: 2025-11-15 09:13:13 UTC
Repository updated: 2025-11-16 09:13:35 UTC
Repository updated: 2025-11-17 09:19:01 UTC
Repository updated: 2025-11-18 09:16:39 UTC
Repository updated: 2025-11-19 09:16:43 UTC
Repository updated: 2025-11-20 09:15:33 UTC
Repository updated: 2025-11-21 09:15:28 UTC
Repository updated: 2025-11-22 09:13:33 UTC
Repository updated: 2025-11-23 09:13:39 UTC
Repository updated: 2025-11-24 09:18:46 UTC
